


ARM Macro Assembler    Page 1 


    1 00000000                 AREA             prog1,CODE,READONLY
    2 00000000         
    3 00000000                 ENTRY
    4 00000000 E3A00011        mov              r0,#0x11
    5 00000004 E1A01080        mov              r1,r0, LSL#1
    6 00000008 E1A02081        mov              r2,r1, LSL#1
    7 0000000C EAFFFFFE 
                       stop    B                stop
    8 00000010                 END
Command Line: --debug --xref --apcs=interwork --depend=.\mycode.d -o.\mycode.o 
-IC:\Keil\ARM\RV31\INC -IC:\Keil\ARM\CMSIS\Include -IC:\Keil\ARM\Inc\Philips --
predefine="__EVAL SETA 1" --list=.\mycode.lst ..\Lab5\mycode.s



ARM Macro Assembler    Page 1 Alphabetic symbol ordering
Relocatable symbols

prog1 00000000

Symbol: prog1
   Definitions
      At line 1 in file ..\Lab5\mycode.s
   Uses
      None
Comment: prog1 unused
stop 0000000C

Symbol: stop
   Definitions
      At line 7 in file ..\Lab5\mycode.s
   Uses
      At line 7 in file ..\Lab5\mycode.s
Comment: stop used once
2 symbols
333 symbols in table
