


ARM Macro Assembler    Page 1 


    1 00000000                 AREA             prog, CODE, READONLY
    2 00000000         
    3 00000000 E3A01002        mov              r1, #0x00000002
    4 00000004 E3A02004        mov              r2, #0x00000004
    5 00000008 E0803001        add              r3, r0, r1
    6 0000000C                 end
Command Line: --debug --xref --apcs=interwork --depend=.\asd1209.d -o.\asd1209.
o -IC:\Keil\ARM\RV31\INC -IC:\Keil\ARM\CMSIS\Include -IC:\Keil\ARM\Inc\Philips 
--predefine="__EVAL SETA 1" --list=.\asd1209.lst asd1209.s



ARM Macro Assembler    Page 1 Alphabetic symbol ordering
Relocatable symbols

prog 00000000

Symbol: prog
   Definitions
      At line 1 in file asd1209.s
   Uses
      None
Comment: prog unused
1 symbol
332 symbols in table
